This is pdfTeX, Version 3.14159265-2.6-1.40.16 (TeX Live 2015) (preloaded format=pdflatex 2016.1.9)  3 JAN 2017 17:47
entering extended mode
 restricted \write18 enabled.
 file:line:error style messages enabled.
 %&-line parsing enabled.
**kitaev.tex
(./kitaev.tex
LaTeX2e <2015/01/01>
Babel <3.9l> and hyphenation patterns for 79 languages loaded.
\gptboxheight=\skip41
\gptboxwidth=\skip42
\gptboxtext=\box26

./kitaev.tex:109: Package color not loaded in conjunction with terminal option `colourtext'.

See the gnuplot documentation for explanation.
Type  H <return>  for immediate help.
 ...                                              
                                                  
l.109     \gplbacktext
                      
Either use 'blacktext' in gnuplot or load the package color.sty in LaTeX.

LaTeX Font Info:    External font `cmex10' loaded for size
(Font)              <7> on input line 109.
LaTeX Font Info:    External font `cmex10' loaded for size
(Font)              <5> on input line 109.

./kitaev.tex:110: Package graphicx or graphics not loaded.

See the gnuplot documentation for explanation.
Type  H <return>  for immediate help.
 ...                                              
                                                  
l.110 ...ludegraphics{assets/plots/kitaev/kitaev}}
                                                  %
The gnuplot epslatex terminal needs graphicx.sty or graphics.sty.


./kitaev.tex:112: LaTeX Error: Missing \begin{document}.

See the LaTeX manual or LaTeX Companion for explanation.
Type  H <return>  for immediate help.
 ...                                              
                                                  
l.112   \end{picture}
                     %
You're in trouble here.  Try typing  <return>  to proceed.
If that doesn't work, type  X <return>  to quit.

)
! Emergency stop.
<*> kitaev.tex
              
*** (job aborted, no legal \end found)

 
Here is how much of TeX's memory you used:
 38 strings out of 493089
 401 string characters out of 6134843
 54199 words of memory out of 5000000
 3623 multiletter control sequences out of 15000+600000
 3640 words of font info for 14 fonts, out of 8000000 for 9000
 1141 hyphenation exceptions out of 8191
 22i,5n,19p,90b,186s stack positions out of 5000i,500n,10000p,200000b,80000s
!  ==> Fatal error occurred, no output PDF file produced!
